<?xml version="1.0" encoding="UTF-8"?>
<!-- Generated by org.testng.reporters.JUnitXMLReporter -->
<testsuite ignored="0" hostname="TYSS-Monika" failures="0" tests="3" name="Test2" time="11.382" errors="0" timestamp="2024-09-16T11:07:28 IST">
  <testcase classname="TestNg_Parallel_testing.Paralel_testing" name="testlogo" time="0.026"/>
  <testcase classname="TestNg_Parallel_testing.Paralel_testing" name="testitle" time="0.007"/>
  <testcase classname="TestNg_Parallel_testing.Paralel_testing" name="testurl" time="0.006"/>
</testsuite> <!-- Test2 -->
